Arguments: 
  /home/mgrochowski/.nvm/versions/node/v16.15.0/bin/node /mnt/c/Users/mateu/AppData/Roaming/npm/node_modules/yarn/bin/yarn.js install --network-timeout 10000000

PATH: 
  /home/mgrochowski/.local/bin:/home/mgrochowski/.nvm/versions/node/v16.15.0/bin:/usr/local/sbin:/usr/local/bin:/usr/sbin:/usr/bin:/sbin:/bin:/usr/games:/usr/local/games:/usr/lib/wsl/lib:/mnt/c/cmder/vendor/conemu-maximus5:/mnt/c/cmder/vendor/conemu-maximus5/ConEmu:/mnt/c/Python310/Scripts/:/mnt/c/Python310/:/mnt/c/Windows/system32:/mnt/c/Windows:/mnt/c/Windows/System32/Wbem:/mnt/c/Windows/System32/WindowsPowerShell/v1.0/:/mnt/c/Windows/System32/OpenSSH/:/mnt/c/Program Files (x86)/NVIDIA Corporation/PhysX/Common:/mnt/c/Program Files/NVIDIA Corporation/NVIDIA NvDLISR:/mnt/c/Program Files/Git/cmd:/mnt/c/Program Files/Inkscape/bin:/mnt/c/Program Files/nodejs/:/mnt/c/ProgramData/chocolatey/bin:/mnt/c/Program Files (x86)/VDesk:/mnt/c/Users/mateu/scoop/apps/nvm/current/nodejs/nodejs:/mnt/c/Users/mateu/scoop/shims:/mnt/c/Users/mateu/AppData/Local/Microsoft/WindowsApps:/mnt/c/Users/mateu/AppData/Local/Programs/Microsoft VS Code/bin:/mnt/c/Users/mateu/AppData/Roaming/npm:/snap/bin

Yarn version: 
  1.22.18

Node version: 
  16.15.0

Platform: 
  linux x64

Trace: 
  Error: ENOENT: no such file or directory, scandir '/mnt/c/mgrochowski/sagrafik-microfrontend/node_modules'

npm manifest: 
  {
      "name": "vite-vue3-boilerplate",
      "version": "1.0.0",
      "scripts": {
          "dev": "vite",
          "build": "vite build",
          "serve": "vite preview"
      },
      "dependencies": {
          "vite": "^2.9.6",
          "vue": "^3.2.16",
          "vue-inline-svg": "^3.1.0",
          "vue-router": "^4.0.11",
          "vuex": "^4.0.2"
      },
      "devDependencies": {
          "@vitejs/plugin-vue": "^2.3.1",
          "autoprefixer": "^10.4.7",
          "eslint": "^8.14.0",
          "eslint-config-prettier": "^8.3.0",
          "eslint-plugin-vue": "^8.7.1",
          "postcss": "^8.4.14",
          "prettier": "^2.4.1",
          "sass": "^1.42.1",
          "tailwindcss": "^3.1.6",
          "vite-svg-loader": "^3.1.2"
      },
      "description": "This template should help get you started developing with Vue 3 in Vite. The template uses Vue 3 `<script setup>` SFCs, check out the [script setup docs](https://v3.vuejs.org/api/sfc-script-setup.html#sfc-script-setup) to learn more.",
      "main": ".eslintrc.js",
      "repository": {
          "type": "git",
          "url": "git+https://github.com/richardevcom/vite-vuex-tailwind.git"
      },
      "keywords": [
          "vue",
          "vue 3",
          "vite",
          "vuex",
          "vuex 4",
          "svg",
          "vite svg",
          "boilerplate",
          "starter",
          "template",
          "tailwind",
          "tailwindcss",
          "eslint",
          "prettier"
      ],
      "author": "richardev",
      "license": "ISC",
      "bugs": {
          "url": "https://github.com/richardevcom/vite-vuex-tailwind/issues"
      },
      "homepage": "https://github.com/richardevcom/vite-vuex-tailwind#readme"
  }

yarn manifest: 
  No manifest

Lockfile: 
  No lockfile
